<?xml version="1.0" encoding="UTF-8"?>
<testsuite name="com.HenrysShop.HenrysTest" tests="1" skipped="0" failures="0" errors="0" timestamp="2023-08-18T09:24:52" hostname="MGC12DV4MMMD6N" time="0.094">
  <properties/>
  <testcase name="checkStockPopulation1()" classname="com.HenrysShop.HenrysTest" time="0.094"/>
  <system-out><![CDATA[]]></system-out>
  <system-err><![CDATA[]]></system-err>
</testsuite>
